#
# A fatal error has been detected by the Java Runtime Environment:
#
#  EXCEPTION_ACCESS_VIOLATION (0xc0000005) at pc=0x00007ffd7c568f94, pid=3040, tid=0x00000000000020bc
#
# JRE version: Java(TM) SE Runtime Environment (8.0_144-b01) (build 1.8.0_144-b01)
# Java VM: Java HotSpot(TM) 64-Bit Server VM (25.144-b01 mixed mode windows-amd64 compressed oops)
# Problematic frame:
# C  [CameraServerJNI2879819570411021710.dll+0x168f94]
#
# Failed to write core dump. Minidumps are not enabled by default on client versions of Windows
#
# If you would like to submit a bug report, please visit:
#   http://bugreport.java.com/bugreport/crash.jsp
#

---------------  T H R E A D  ---------------

Current thread (0x0000000017367000):  VMThread [stack: 0x00000000183f0000,0x00000000184f0000] [id=8380]

siginfo: ExceptionCode=0xc0000005, reading address 0xffffffffffffffff

Registers:
RAX=0x626d5c7372657355, RBX=0x00000000184eefb8, RCX=0x000000000109f328, RDX=0x0000000000000000
RSP=0x00000000184eeea0, RBP=0x0000000017275400, RSI=0x000000000109f328, RDI=0x00000000184eefc0
R8 =0x0000000000000033, R9 =0x000000001ab8e170, R10=0x0000000000000000, R11=0x00000000184ef0c8
R12=0x000000001ab8e170, R13=0x0000000000000040, R14=0x000000000109f328, R15=0x0000000000000000
RIP=0x00007ffd7c568f94, EFLAGS=0x0000000000010206

Top of Stack: (sp=0x00000000184eeea0)
0x00000000184eeea0:   0000000000000000 0000000000000000
0x00000000184eeeb0:   0000000000000000 00007ffdcc7d0428
0x00000000184eeec0:   0000000000000000 0000000000000000
0x00000000184eeed0:   00008a95ca37a053 0000000000000000
0x00000000184eeee0:   00000000184ef0b0 000000001ab8e298
0x00000000184eeef0:   00000000184eefc0 00007ffd7c411e6f
0x00000000184eef00:   000000001abb04f0 0000000000000000
0x00000000184eef10:   00000000184eefb8 000000000109f328
0x00000000184eef20:   fffffffffffffffe 000000000109f328
0x00000000184eef30:   0000000000000040 000000001ab94da0
0x00000000184eef40:   00007ffd7c648cd0 00007ffd7c41ed6c
0x00000000184eef50:   00000000184eefb8 00000000184eefb8
0x00000000184eef60:   00007ffd7c5c5fa0 0000000001076e30
0x00000000184eef70:   00007ffd00000000 0000000000000000
0x00000000184eef80:   00007ffd7c648cd0 00007ffd7c412641
0x00000000184eef90:   0000000000000040 00007ffd7c5c5f20 

Instructions: (pc=0x00007ffd7c568f94)
0x00007ffd7c568f74:   46 4c e9 09 01 00 00 4d 85 ff 75 2a ff 15 82 e1
0x00007ffd7c568f84:   05 00 41 39 46 48 0f 84 ae 00 00 00 49 8b 46 08
0x00007ffd7c568f94:   48 8b 18 48 8b cb e8 b9 4e 00 00 49 8d 4e 08 ff
0x00007ffd7c568fa4:   d3 e9 94 00 00 00 48 83 3a 00 7c 68 75 06 83 7a 


Register to memory mapping:

RAX=0x626d5c7372657355 is an unknown value
RBX=0x00000000184eefb8 is an unknown value
RCX=0x000000000109f328 is an unknown value
RDX=0x0000000000000000 is an unknown value
RSP=0x00000000184eeea0 is an unknown value
RBP=0x0000000017275400 is an unknown value
RSI=0x000000000109f328 is an unknown value
RDI=0x00000000184eefc0 is an unknown value
R8 =0x0000000000000033 is an unknown value
R9 =0x000000001ab8e170 is an unknown value
R10=0x0000000000000000 is an unknown value
R11=0x00000000184ef0c8 is an unknown value
R12=0x000000001ab8e170 is an unknown value
R13=0x0000000000000040 is an unknown value
R14=0x000000000109f328 is an unknown value
R15=0x0000000000000000 is an unknown value


Stack: [0x00000000183f0000,0x00000000184f0000],  sp=0x00000000184eeea0,  free space=1019k
Native frames: (J=compiled Java code, j=interpreted, Vv=VM code, C=native code)
C  [CameraServerJNI2879819570411021710.dll+0x168f94]
C  [CameraServerJNI2879819570411021710.dll+0x11e6f]
C  [CameraServerJNI2879819570411021710.dll+0x1ed6c]
C  [CameraServerJNI2879819570411021710.dll+0x12641]
C  [CameraServerJNI2879819570411021710.dll+0x12337]
C  [CameraServerJNI2879819570411021710.dll+0x1a9e37]
C  [CameraServerJNI2879819570411021710.dll+0x1aa0dd]
C  [CameraServerJNI2879819570411021710.dll+0x1a1ea8]
C  [CameraServerJNI2879819570411021710.dll+0x16cdfb]
C  [CameraServerJNI2879819570411021710.dll+0x16d626]
C  [CameraServerJNI2879819570411021710.dll+0x16d71c]
C  [ntdll.dll+0x34023]
C  [ntdll.dll+0x409d5]
C  [ntdll.dll+0x40898]
C  [KERNEL32.DLL+0x1b19a]
C  [msvcr100.dll+0x20ccd]
V  [jvm.dll+0x213145]
V  [jvm.dll+0x24c127]
V  [jvm.dll+0x24b3c6]
V  [jvm.dll+0x24b861]
V  [jvm.dll+0x24ba7e]
V  [jvm.dll+0x29ca6a]
C  [msvcr100.dll+0x21d9f]
C  [msvcr100.dll+0x21e3b]
C  [KERNEL32.DLL+0x13034]
C  [ntdll.dll+0x71431]

VM_Operation (0x000000001f33d810): Exit, mode: safepoint, requested by thread 0x0000000019864000


---------------  P R O C E S S  ---------------

Java Threads: ( => current thread )
  0x0000000019862800 JavaThread "TimerQueue" daemon [_thread_blocked, id=12760, stack(0x00000000232c0000,0x00000000233c0000)]
  0x0000000019864000 JavaThread "AWT-EventQueue-0" [_thread_blocked, id=8276, stack(0x000000001f240000,0x000000001f340000)]
  0x000000001985f800 JavaThread "AWT-Shutdown" [_thread_blocked, id=3284, stack(0x000000001c570000,0x000000001c670000)]
  0x000000001985e800 JavaThread "Java2D Disposer" daemon [_thread_blocked, id=1168, stack(0x000000001c470000,0x000000001c570000)]
  0x0000000018f82000 JavaThread "NTEntryListener" daemon [_thread_in_native, id=9916, stack(0x000000001bf30000,0x000000001c030000)]
  0x0000000018f80800 JavaThread "CSListener" daemon [_thread_in_native, id=9652, stack(0x000000001bc30000,0x000000001bd30000)]
  0x0000000002e03800 JavaThread "DestroyJavaVM" [_thread_blocked, id=6160, stack(0x0000000002cd0000,0x0000000002dd0000)]
  0x0000000019836800 JavaThread "Timer-1" [_thread_blocked, id=14824, stack(0x000000001b430000,0x000000001b530000)]
  0x0000000019835800 JavaThread "Timer-0" [_thread_blocked, id=11828, stack(0x000000001b330000,0x000000001b430000)]
  0x0000000019060800 JavaThread "FRCDriverStation" [_thread_in_native, id=12896, stack(0x000000001b230000,0x000000001b330000)]
  0x000000001955c800 JavaThread "Thread-2" daemon [_thread_in_native, id=13824, stack(0x000000001ae50000,0x000000001af50000)]
  0x00000000173fe800 JavaThread "Service Thread" daemon [_thread_blocked, id=4280, stack(0x00000000190e0000,0x00000000191e0000)]
  0x00000000173ae000 JavaThread "C1 CompilerThread2" daemon [_thread_blocked, id=14272, stack(0x0000000018be0000,0x0000000018ce0000)]
  0x00000000173a7000 JavaThread "C2 CompilerThread1" daemon [_thread_blocked, id=11308, stack(0x0000000018ae0000,0x0000000018be0000)]
  0x00000000173a4000 JavaThread "C2 CompilerThread0" daemon [_thread_blocked, id=1672, stack(0x00000000189e0000,0x0000000018ae0000)]
  0x00000000173a2800 JavaThread "Attach Listener" daemon [_thread_blocked, id=7828, stack(0x00000000188e0000,0x00000000189e0000)]
  0x000000001738a800 JavaThread "Finalizer" daemon [_thread_blocked, id=11672, stack(0x00000000185f0000,0x00000000186f0000)]
  0x0000000017369000 JavaThread "Reference Handler" daemon [_thread_blocked, id=6012, stack(0x00000000184f0000,0x00000000185f0000)]

Other Threads:
=>0x0000000017367000 VMThread [stack: 0x00000000183f0000,0x00000000184f0000] [id=8380]

VM state:at safepoint (shutting down)

VM Mutex/Monitor currently owned by a thread:  ([mutex/lock_event])
[0x0000000002e00b50] Threads_lock - owner thread: 0x0000000017367000

Heap:
 PSYoungGen      total 23552K, used 19039K [0x00000000d9a00000, 0x00000000dbb80000, 0x0000000100000000)
  eden space 23040K, 82% used [0x00000000d9a00000,0x00000000dac7fcf0,0x00000000db080000)
  from space 512K, 18% used [0x00000000db080000,0x00000000db098000,0x00000000db100000)
  to   space 5632K, 0% used [0x00000000db600000,0x00000000db600000,0x00000000dbb80000)
 ParOldGen       total 39424K, used 12862K [0x000000008ce00000, 0x000000008f480000, 0x00000000d9a00000)
  object space 39424K, 32% used [0x000000008ce00000,0x000000008da8f888,0x000000008f480000)
 Metaspace       used 26760K, capacity 27318K, committed 27520K, reserved 1073152K
  class space    used 3514K, capacity 3639K, committed 3712K, reserved 1048576K

Card table byte_map: [0x00000000122c0000,0x0000000012660000] byte_map_base: 0x0000000011e59000

Marking Bits: (ParMarkBitMap*) 0x000000006b10d850
 Begin Bits: [0x0000000012cd0000, 0x0000000014998000)
 End Bits:   [0x0000000014998000, 0x0000000016660000)

Polling page: 0x0000000001350000

CodeCache: size=245760Kb used=11913Kb max_used=13299Kb free=233847Kb
 bounds [0x0000000002f00000, 0x0000000003c90000, 0x0000000011f00000]
 total_blobs=4395 nmethods=3633 adapters=672
 compilation: enabled

Compilation events (10 events):
Event: 161.122 Thread 0x00000000173ae000 4665       3       org.apache.logging.log4j.util.PropertiesUtil::getProperties (4 bytes)
Event: 161.122 Thread 0x00000000173ae000 nmethod 4665 0x0000000003bcd050 code [0x0000000003bcd1a0, 0x0000000003bcd2d0]
Event: 161.122 Thread 0x00000000173ae000 4666       3       java.util.regex.Matcher::getTextLength (10 bytes)
Event: 161.123 Thread 0x00000000173ae000 nmethod 4666 0x00000000031b6710 code [0x00000000031b6880, 0x00000000031b6aa8]
Event: 161.123 Thread 0x00000000173ae000 4667       3       org.apache.logging.log4j.core.util.NameUtil::getSubName (32 bytes)
Event: 161.123 Thread 0x00000000173ae000 nmethod 4667 0x00000000032baa90 code [0x00000000032bac40, 0x00000000032bb218]
Event: 161.123 Thread 0x00000000173ae000 4668       1       org.apache.logging.log4j.spi.AbstractLogger::getName (5 bytes)
Event: 161.123 Thread 0x00000000173ae000 nmethod 4668 0x0000000003389490 code [0x00000000033895e0, 0x00000000033896f0]
Event: 161.126 Thread 0x00000000173ae000 4669       3       java.util.logging.LogManager$LoggerContext::ensureDefaultLogger (70 bytes)
Event: 161.129 Thread 0x00000000173ae000 nmethod 4669 0x0000000003410b10 code [0x0000000003410cc0, 0x0000000003411548]

GC Heap History (10 events):
Event: 110.563 GC heap before
{Heap before GC invocations=30 (full 1):
 PSYoungGen      total 29696K, used 23136K [0x00000000d9a00000, 0x00000000dbe80000, 0x0000000100000000)
  eden space 23040K, 100% used [0x00000000d9a00000,0x00000000db080000,0x00000000db080000)
  from space 6656K, 1% used [0x00000000db800000,0x00000000db818000,0x00000000dbe80000)
  to   space 7168K, 0% used [0x00000000db080000,0x00000000db080000,0x00000000db780000)
 ParOldGen       total 39424K, used 12822K [0x000000008ce00000, 0x000000008f480000, 0x00000000d9a00000)
  object space 39424K, 32% used [0x000000008ce00000,0x000000008da85888,0x000000008f480000)
 Metaspace       used 26011K, capacity 26576K, committed 26624K, reserved 1073152K
  class space    used 3417K, capacity 3542K, committed 3584K, reserved 1048576K
Event: 110.567 GC heap after
Heap after GC invocations=30 (full 1):
 PSYoungGen      total 30208K, used 128K [0x00000000d9a00000, 0x00000000dbe80000, 0x0000000100000000)
  eden space 23040K, 0% used [0x00000000d9a00000,0x00000000d9a00000,0x00000000db080000)
  from space 7168K, 1% used [0x00000000db080000,0x00000000db0a0000,0x00000000db780000)
  to   space 7168K, 0% used [0x00000000db780000,0x00000000db780000,0x00000000dbe80000)
 ParOldGen       total 39424K, used 12838K [0x000000008ce00000, 0x000000008f480000, 0x00000000d9a00000)
  object space 39424K, 32% used [0x000000008ce00000,0x000000008da89888,0x000000008f480000)
 Metaspace       used 26011K, capacity 26576K, committed 26624K, reserved 1073152K
  class space    used 3417K, capacity 3542K, committed 3584K, reserved 1048576K
}
Event: 114.144 GC heap before
{Heap before GC invocations=31 (full 1):
 PSYoungGen      total 30208K, used 23168K [0x00000000d9a00000, 0x00000000dbe80000, 0x0000000100000000)
  eden space 23040K, 100% used [0x00000000d9a00000,0x00000000db080000,0x00000000db080000)
  from space 7168K, 1% used [0x00000000db080000,0x00000000db0a0000,0x00000000db780000)
  to   space 7168K, 0% used [0x00000000db780000,0x00000000db780000,0x00000000dbe80000)
 ParOldGen       total 39424K, used 12838K [0x000000008ce00000, 0x000000008f480000, 0x00000000d9a00000)
  object space 39424K, 32% used [0x000000008ce00000,0x000000008da89888,0x000000008f480000)
 Metaspace       used 26020K, capacity 26576K, committed 26624K, reserved 1073152K
  class space    used 3417K, capacity 3542K, committed 3584K, reserved 1048576K
Event: 114.147 GC heap after
Heap after GC invocations=31 (full 1):
 PSYoungGen      total 29184K, used 96K [0x00000000d9a00000, 0x00000000dbd80000, 0x0000000100000000)
  eden space 23040K, 0% used [0x00000000d9a00000,0x00000000d9a00000,0x00000000db080000)
  from space 6144K, 1% used [0x00000000db780000,0x00000000db798000,0x00000000dbd80000)
  to   space 6656K, 0% used [0x00000000db080000,0x00000000db080000,0x00000000db700000)
 ParOldGen       total 39424K, used 12846K [0x000000008ce00000, 0x000000008f480000, 0x00000000d9a00000)
  object space 39424K, 32% used [0x000000008ce00000,0x000000008da8b888,0x000000008f480000)
 Metaspace       used 26020K, capacity 26576K, committed 26624K, reserved 1073152K
  class space    used 3417K, capacity 3542K, committed 3584K, reserved 1048576K
}
Event: 117.449 GC heap before
{Heap before GC invocations=32 (full 1):
 PSYoungGen      total 29184K, used 23136K [0x00000000d9a00000, 0x00000000dbd80000, 0x0000000100000000)
  eden space 23040K, 100% used [0x00000000d9a00000,0x00000000db080000,0x00000000db080000)
  from space 6144K, 1% used [0x00000000db780000,0x00000000db798000,0x00000000dbd80000)
  to   space 6656K, 0% used [0x00000000db080000,0x00000000db080000,0x00000000db700000)
 ParOldGen       total 39424K, used 12846K [0x000000008ce00000, 0x000000008f480000, 0x00000000d9a00000)
  object space 39424K, 32% used [0x000000008ce00000,0x000000008da8b888,0x000000008f480000)
 Metaspace       used 26060K, capacity 26640K, committed 26880K, reserved 1073152K
  class space    used 3417K, capacity 3542K, committed 3584K, reserved 1048576K
Event: 117.453 GC heap after
Heap after GC invocations=32 (full 1):
 PSYoungGen      total 23552K, used 128K [0x00000000d9a00000, 0x00000000dbc80000, 0x0000000100000000)
  eden space 23040K, 0% used [0x00000000d9a00000,0x00000000d9a00000,0x00000000db080000)
  from space 512K, 25% used [0x00000000db080000,0x00000000db0a0000,0x00000000db100000)
  to   space 6144K, 0% used [0x00000000db680000,0x00000000db680000,0x00000000dbc80000)
 ParOldGen       total 39424K, used 12854K [0x000000008ce00000, 0x000000008f480000, 0x00000000d9a00000)
  object space 39424K, 32% used [0x000000008ce00000,0x000000008da8d888,0x000000008f480000)
 Metaspace       used 26060K, capacity 26640K, committed 26880K, reserved 1073152K
  class space    used 3417K, capacity 3542K, committed 3584K, reserved 1048576K
}
Event: 120.806 GC heap before
{Heap before GC invocations=33 (full 1):
 PSYoungGen      total 23552K, used 23168K [0x00000000d9a00000, 0x00000000dbc80000, 0x0000000100000000)
  eden space 23040K, 100% used [0x00000000d9a00000,0x00000000db080000,0x00000000db080000)
  from space 512K, 25% used [0x00000000db080000,0x00000000db0a0000,0x00000000db100000)
  to   space 6144K, 0% used [0x00000000db680000,0x00000000db680000,0x00000000dbc80000)
 ParOldGen       total 39424K, used 12854K [0x000000008ce00000, 0x000000008f480000, 0x00000000d9a00000)
  object space 39424K, 32% used [0x000000008ce00000,0x000000008da8d888,0x000000008f480000)
 Metaspace       used 26089K, capacity 26640K, committed 26880K, reserved 1073152K
  class space    used 3417K, capacity 3542K, committed 3584K, reserved 1048576K
Event: 120.811 GC heap after
Heap after GC invocations=33 (full 1):
 PSYoungGen      total 29184K, used 128K [0x00000000d9a00000, 0x00000000dbc80000, 0x0000000100000000)
  eden space 23040K, 0% used [0x00000000d9a00000,0x00000000d9a00000,0x00000000db080000)
  from space 6144K, 2% used [0x00000000db680000,0x00000000db6a0000,0x00000000dbc80000)
  to   space 6144K, 0% used [0x00000000db080000,0x00000000db080000,0x00000000db680000)
 ParOldGen       total 39424K, used 12862K [0x000000008ce00000, 0x000000008f480000, 0x00000000d9a00000)
  object space 39424K, 32% used [0x000000008ce00000,0x000000008da8f888,0x000000008f480000)
 Metaspace       used 26089K, capacity 26640K, committed 26880K, reserved 1073152K
  class space    used 3417K, capacity 3542K, committed 3584K, reserved 1048576K
}
Event: 124.173 GC heap before
{Heap before GC invocations=34 (full 1):
 PSYoungGen      total 29184K, used 23168K [0x00000000d9a00000, 0x00000000dbc80000, 0x0000000100000000)
  eden space 23040K, 100% used [0x00000000d9a00000,0x00000000db080000,0x00000000db080000)
  from space 6144K, 2% used [0x00000000db680000,0x00000000db6a0000,0x00000000dbc80000)
  to   space 6144K, 0% used [0x00000000db080000,0x00000000db080000,0x00000000db680000)
 ParOldGen       total 39424K, used 12862K [0x000000008ce00000, 0x000000008f480000, 0x00000000d9a00000)
  object space 39424K, 32% used [0x000000008ce00000,0x000000008da8f888,0x000000008f480000)
 Metaspace       used 26125K, capacity 26704K, committed 26880K, reserved 1073152K
  class space    used 3422K, capacity 3542K, committed 3584K, reserved 1048576K
Event: 124.175 GC heap after
Heap after GC invocations=34 (full 1):
 PSYoungGen      total 23552K, used 96K [0x00000000d9a00000, 0x00000000dbb80000, 0x0000000100000000)
  eden space 23040K, 0% used [0x00000000d9a00000,0x00000000d9a00000,0x00000000db080000)
  from space 512K, 18% used [0x00000000db080000,0x00000000db098000,0x00000000db100000)
  to   space 5632K, 0% used [0x00000000db600000,0x00000000db600000,0x00000000dbb80000)
 ParOldGen       total 39424K, used 12862K [0x000000008ce00000, 0x000000008f480000, 0x00000000d9a00000)
  object space 39424K, 32% used [0x000000008ce00000,0x000000008da8f888,0x000000008f480000)
 Metaspace       used 26125K, capacity 26704K, committed 26880K, reserved 1073152K
  class space    used 3422K, capacity 3542K, committed 3584K, reserved 1048576K
}

Deoptimization events (10 events):
Event: 161.116 Thread 0x0000000019317000 Uncommon trap: reason=class_check action=maybe_recompile pc=0x0000000003b106a4 method=java.util.concurrent.locks.AbstractQueuedSynchronizer.acquire(I)V @ 2
Event: 161.117 Thread 0x0000000019317000 Uncommon trap: reason=class_check action=maybe_recompile pc=0x000000000389c140 method=java.util.concurrent.locks.AbstractQueuedSynchronizer.release(I)Z @ 2
Event: 161.117 Thread 0x0000000019317000 Uncommon trap: reason=class_check action=maybe_recompile pc=0x000000000343ec18 method=java.util.ComparableTimSort.countRunAndMakeAscending([Ljava/lang/Object;II)I @ 36
Event: 161.117 Thread 0x0000000019317000 Uncommon trap: reason=class_check action=maybe_recompile pc=0x0000000003b106a4 method=java.util.concurrent.locks.AbstractQueuedSynchronizer.acquire(I)V @ 2
Event: 161.117 Thread 0x0000000019317000 Uncommon trap: reason=class_check action=maybe_recompile pc=0x000000000389c140 method=java.util.concurrent.locks.AbstractQueuedSynchronizer.release(I)Z @ 2
Event: 161.117 Thread 0x0000000019317000 Uncommon trap: reason=class_check action=maybe_recompile pc=0x000000000343ec18 method=java.util.ComparableTimSort.countRunAndMakeAscending([Ljava/lang/Object;II)I @ 36
Event: 161.118 Thread 0x0000000019317000 Uncommon trap: reason=unstable_if action=reinterpret pc=0x0000000003b74a18 method=java.util.HashMap.values()Ljava/util/Collection; @ 6
Event: 161.120 Thread 0x0000000019317000 Uncommon trap: reason=class_check action=maybe_recompile pc=0x0000000003b106a4 method=java.util.concurrent.locks.AbstractQueuedSynchronizer.acquire(I)V @ 2
Event: 161.120 Thread 0x0000000019317000 Uncommon trap: reason=class_check action=maybe_recompile pc=0x000000000389c140 method=java.util.concurrent.locks.AbstractQueuedSynchronizer.release(I)Z @ 2
Event: 161.121 Thread 0x0000000019317000 Uncommon trap: reason=class_check action=maybe_recompile pc=0x000000000343ec18 method=java.util.ComparableTimSort.countRunAndMakeAscending([Ljava/lang/Object;II)I @ 36

Internal exceptions (10 events):
Event: 12.528 Thread 0x0000000018e34000 Exception <a 'java/io/FileNotFoundException'> (0x00000000da99aa40) thrown at [C:\re\workspace\8-2-build-windows-amd64-cygwin\jdk8u144\9417\hotspot\src\share\vm\prims\jni.cpp, line 709]
Event: 13.557 Thread 0x0000000018e34000 Exception <a 'java/lang/ClassNotFoundException': java/lang/ObjectCustomizer> (0x00000000d9eba210) thrown at [C:\re\workspace\8-2-build-windows-amd64-cygwin\jdk8u144\9417\hotspot\src\share\vm\classfile\systemDictionary.cpp, line 210]
Event: 13.563 Thread 0x0000000018e34000 Exception <a 'java/lang/ClassNotFoundException': net/miginfocom/layout/UnitValueCustomizer> (0x00000000d9ec5b20) thrown at [C:\re\workspace\8-2-build-windows-amd64-cygwin\jdk8u144\9417\hotspot\src\share\vm\classfile\systemDictionary.cpp, line 210]
Event: 13.568 Thread 0x0000000018e34000 Exception <a 'java/lang/ClassNotFoundException': java/lang/ObjectCustomizer> (0x00000000d9ee37d8) thrown at [C:\re\workspace\8-2-build-windows-amd64-cygwin\jdk8u144\9417\hotspot\src\share\vm\classfile\systemDictionary.cpp, line 210]
Event: 13.569 Thread 0x0000000018e34000 Exception <a 'java/lang/ClassNotFoundException': net/miginfocom/layout/BoundSizeCustomizer> (0x00000000d9eedf38) thrown at [C:\re\workspace\8-2-build-windows-amd64-cygwin\jdk8u144\9417\hotspot\src\share\vm\classfile\systemDictionary.cpp, line 210]
Event: 40.963 Thread 0x0000000019864000 Implicit null exception at 0x000000000390c8fb to 0x000000000390ef2d
Event: 126.064 Thread 0x0000000018e35000 JVM_StopThread thread JavaThread 0x0000000018e35000 as oop 0x000000008d05c5c8 [exception 0x000000001bc2f058]
Event: 126.064 Thread 0x0000000018e35000 Exception <a 'java/lang/ThreadDeath'> (0x00000000da73ebe0) thrown at [C:\re\workspace\8-2-build-windows-amd64-cygwin\jdk8u144\9417\hotspot\src\share\vm\prims\jvm.cpp, line 3061]
Event: 132.949 Thread 0x0000000019864000 Implicit null exception at 0x0000000003607607 to 0x00000000036079f5
Event: 152.834 Thread 0x0000000019864000 Implicit null exception at 0x00000000033f1de8 to 0x00000000033f2d11

Events (10 events):
Event: 161.130 Executing VM operation: RevokeBias done
Event: 161.130 Executing VM operation: RevokeBias
Event: 161.130 Executing VM operation: RevokeBias done
Event: 161.130 Thread 0x0000000019861800 Thread exited: 0x0000000019861800
Event: 161.430 Executing VM operation: RevokeBias
Event: 161.431 Executing VM operation: RevokeBias done
Event: 161.431 Thread 0x0000000019860000 Thread exited: 0x0000000019860000
Event: 161.525 Thread 0x0000000019861000 Thread exited: 0x0000000019861000
Event: 161.531 Thread 0x00000000173a1800 Thread exited: 0x00000000173a1800
Event: 161.531 Executing VM operation: Exit


Dynamic libraries:
0x00007ff6a2f30000 - 0x00007ff6a2f67000 	C:\Program Files\Java\jdk1.8.0_144\bin\java.exe
0x00007ffdcc7c0000 - 0x00007ffdcc9a1000 	C:\WINDOWS\SYSTEM32\ntdll.dll
0x00007ffdcba90000 - 0x00007ffdcbb42000 	C:\WINDOWS\System32\KERNEL32.DLL
0x00007ffdc9770000 - 0x00007ffdc99e3000 	C:\WINDOWS\System32\KERNELBASE.dll
0x00007ffdcb960000 - 0x00007ffdcba01000 	C:\WINDOWS\System32\ADVAPI32.dll
0x00007ffdcb580000 - 0x00007ffdcb61e000 	C:\WINDOWS\System32\msvcrt.dll
0x00007ffdcbeb0000 - 0x00007ffdcbf0b000 	C:\WINDOWS\System32\sechost.dll
0x00007ffdcb820000 - 0x00007ffdcb944000 	C:\WINDOWS\System32\RPCRT4.dll
0x00007ffdcbd20000 - 0x00007ffdcbeb0000 	C:\WINDOWS\System32\USER32.dll
0x00007ffdc8c10000 - 0x00007ffdc8c30000 	C:\WINDOWS\System32\win32u.dll
0x00007ffdc9cf0000 - 0x00007ffdc9d18000 	C:\WINDOWS\System32\GDI32.dll
0x00007ffdc8c30000 - 0x00007ffdc8dc2000 	C:\WINDOWS\System32\gdi32full.dll
0x00007ffdc8fc0000 - 0x00007ffdc905f000 	C:\WINDOWS\System32\msvcp_win.dll
0x00007ffdc99f0000 - 0x00007ffdc9aea000 	C:\WINDOWS\System32\ucrtbase.dll
0x00007ffdbbe60000 - 0x00007ffdbc0c9000 	C:\WINDOWS\WinSxS\amd64_microsoft.windows.common-controls_6595b64144ccf1df_6.0.17134.165_none_fb429645306569ac\COMCTL32.dll
0x00007ffdcb230000 - 0x00007ffdcb553000 	C:\WINDOWS\System32\combase.dll
0x00007ffdc8b90000 - 0x00007ffdc8c0a000 	C:\WINDOWS\System32\bcryptPrimitives.dll
0x00007ffdcbcf0000 - 0x00007ffdcbd1d000 	C:\WINDOWS\System32\IMM32.DLL
0x000000006b190000 - 0x000000006b262000 	C:\Program Files\Java\jdk1.8.0_144\jre\bin\msvcr100.dll
0x000000006a8f0000 - 0x000000006b18d000 	C:\Program Files\Java\jdk1.8.0_144\jre\bin\server\jvm.dll
0x00007ffdcbf10000 - 0x00007ffdcbf18000 	C:\WINDOWS\System32\PSAPI.DLL
0x00007ffdc45c0000 - 0x00007ffdc45ca000 	C:\WINDOWS\SYSTEM32\VERSION.dll
0x00007ffdb28f0000 - 0x00007ffdb28f9000 	C:\WINDOWS\SYSTEM32\WSOCK32.dll
0x00007ffdc5d50000 - 0x00007ffdc5d73000 	C:\WINDOWS\SYSTEM32\WINMM.dll
0x00007ffdcb620000 - 0x00007ffdcb68c000 	C:\WINDOWS\System32\WS2_32.dll
0x00007ffdc5d20000 - 0x00007ffdc5d4a000 	C:\WINDOWS\SYSTEM32\winmmbase.dll
0x00007ffdc9c00000 - 0x00007ffdc9c49000 	C:\WINDOWS\System32\cfgmgr32.dll
0x000000006a8e0000 - 0x000000006a8ef000 	C:\Program Files\Java\jdk1.8.0_144\jre\bin\verify.dll
0x000000006a8b0000 - 0x000000006a8d9000 	C:\Program Files\Java\jdk1.8.0_144\jre\bin\java.dll
0x000000006a890000 - 0x000000006a8a6000 	C:\Program Files\Java\jdk1.8.0_144\jre\bin\zip.dll
0x00007ffdc9df0000 - 0x00007ffdcb230000 	C:\WINDOWS\System32\SHELL32.dll
0x00007ffdcc3d0000 - 0x00007ffdcc479000 	C:\WINDOWS\System32\shcore.dll
0x00007ffdc9060000 - 0x00007ffdc976d000 	C:\WINDOWS\System32\windows.storage.dll
0x00007ffdcc730000 - 0x00007ffdcc781000 	C:\WINDOWS\System32\shlwapi.dll
0x00007ffdc8b70000 - 0x00007ffdc8b81000 	C:\WINDOWS\System32\kernel.appcore.dll
0x00007ffdc8b30000 - 0x00007ffdc8b4f000 	C:\WINDOWS\System32\profapi.dll
0x00007ffdc8ae0000 - 0x00007ffdc8b2c000 	C:\WINDOWS\System32\powrprof.dll
0x00007ffdc8ad0000 - 0x00007ffdc8ada000 	C:\WINDOWS\System32\FLTLIB.DLL
0x000000006a840000 - 0x000000006a84d000 	C:\Program Files\Java\jdk1.8.0_144\jre\bin\management.dll
0x000000006a870000 - 0x000000006a88a000 	C:\Program Files\Java\jdk1.8.0_144\jre\bin\net.dll
0x00007ffdc8350000 - 0x00007ffdc83b6000 	C:\WINDOWS\system32\mswsock.dll
0x00007ffda4cb0000 - 0x00007ffda4cc6000 	C:\WINDOWS\system32\napinsp.dll
0x00007ffda4c90000 - 0x00007ffda4caa000 	C:\WINDOWS\system32\pnrpnsp.dll
0x00007ffdc52a0000 - 0x00007ffdc52b9000 	C:\WINDOWS\system32\NLAapi.dll
0x00007ffdc8110000 - 0x00007ffdc81ce000 	C:\WINDOWS\SYSTEM32\DNSAPI.dll
0x00007ffdcb690000 - 0x00007ffdcb698000 	C:\WINDOWS\System32\NSI.dll
0x00007ffdc80d0000 - 0x00007ffdc8108000 	C:\WINDOWS\SYSTEM32\IPHLPAPI.DLL
0x00007ffda4c80000 - 0x00007ffda4c8e000 	C:\WINDOWS\System32\winrnr.dll
0x00007ffdb2500000 - 0x00007ffdb2515000 	C:\WINDOWS\System32\wshbth.dll
0x00007ffdbe720000 - 0x00007ffdbe72a000 	C:\Windows\System32\rasadhlp.dll
0x00007ffdc0050000 - 0x00007ffdc00c2000 	C:\WINDOWS\System32\fwpuclnt.dll
0x00007ffdc8630000 - 0x00007ffdc8655000 	C:\WINDOWS\SYSTEM32\bcrypt.dll
0x000000006a850000 - 0x000000006a861000 	C:\Program Files\Java\jdk1.8.0_144\jre\bin\nio.dll
0x00007ffd9a900000 - 0x00007ffd9a9cb000 	F:\Projects\Eclipse-Workspace\FRC\Robot2018\temp\-3333922400532285807\wpiutil.dll
0x00007ffdcc5d0000 - 0x00007ffdcc721000 	C:\WINDOWS\System32\ole32.dll
0x00007ffd94c50000 - 0x00007ffd94d3f000 	F:\Projects\Eclipse-Workspace\FRC\Robot2018\temp\-3333922400532285807\wpiHal.dll
0x00007ffda3200000 - 0x00007ffda3252000 	F:\Projects\Eclipse-Workspace\FRC\Robot2018\temp\-3333922400532285807\halsim_adx_gyro_accelerometer.dll
0x00007ffd94b50000 - 0x00007ffd94c43000 	F:\Projects\Eclipse-Workspace\FRC\Robot2018\temp\-3333922400532285807\navx_simulator.dll
0x00007ffda21c0000 - 0x00007ffda223e000 	F:\Projects\Eclipse-Workspace\FRC\Robot2018\temp\-3333922400532285807\navx_simulator_jni.dll
0x00007ffd9d9d0000 - 0x00007ffd9da4e000 	F:\Projects\Eclipse-Workspace\FRC\Robot2018\temp\-3333922400532285807\adx_family_jni.dll
0x00007ffd92470000 - 0x00007ffd92594000 	F:\Projects\Eclipse-Workspace\FRC\Robot2018\temp\-3333922400532285807\CTRE_PhoenixCCI.dll
0x00007ffd923d0000 - 0x00007ffd9246a000 	F:\Projects\Eclipse-Workspace\FRC\Robot2018\temp\-3333922400532285807\temp_hal_interface_jni.dll
0x00007ffdc8500000 - 0x00007ffdc8517000 	C:\WINDOWS\SYSTEM32\CRYPTSP.dll
0x00007ffdc7ed0000 - 0x00007ffdc7f03000 	C:\WINDOWS\system32\rsaenh.dll
0x00007ffdc89d0000 - 0x00007ffdc89f8000 	C:\WINDOWS\SYSTEM32\USERENV.dll
0x00007ffdc8520000 - 0x00007ffdc852b000 	C:\WINDOWS\SYSTEM32\CRYPTBASE.dll
0x00007ffdc14a0000 - 0x00007ffdc14b6000 	C:\WINDOWS\SYSTEM32\dhcpcsvc6.DLL
0x00007ffdc1480000 - 0x00007ffdc149a000 	C:\WINDOWS\SYSTEM32\dhcpcsvc.DLL
0x00007ffd92330000 - 0x00007ffd923c8000 	C:\Users\mbehe\AppData\Local\Temp\wpilibJNI6464846955760792471.dll
0x0000000180000000 - 0x0000000180016000 	F:\Projects\Eclipse-Workspace\FRC\Robot2018\build\native_libs\jinput-dx8_64.dll
0x00007ffda6e40000 - 0x00007ffda6e83000 	C:\WINDOWS\SYSTEM32\DINPUT8.dll
0x00007ffdc7090000 - 0x00007ffdc7128000 	C:\WINDOWS\system32\uxtheme.dll
0x00007ffdbc0e0000 - 0x00007ffdbc159000 	C:\WINDOWS\SYSTEM32\inputhost.dll
0x00007ffdc6c00000 - 0x00007ffdc6cda000 	C:\WINDOWS\SYSTEM32\CoreMessaging.dll
0x00007ffdc4b30000 - 0x00007ffdc4e4e000 	C:\WINDOWS\SYSTEM32\CoreUIComponents.dll
0x00007ffdc49e0000 - 0x00007ffdc4b2d000 	C:\WINDOWS\SYSTEM32\wintypes.dll
0x00007ffdc7b70000 - 0x00007ffdc7ba1000 	C:\WINDOWS\SYSTEM32\ntmarta.dll
0x00007ffdcb6a0000 - 0x00007ffdcb815000 	C:\WINDOWS\System32\MSCTF.dll
0x00007ffdc9d20000 - 0x00007ffdc9de2000 	C:\WINDOWS\System32\OLEAUT32.dll
0x00007ffdc77b0000 - 0x00007ffdc77bc000 	C:\WINDOWS\SYSTEM32\HID.DLL
0x00007ffdcbf20000 - 0x00007ffdcc36b000 	C:\WINDOWS\System32\SETUPAPI.DLL
0x00007ffdc88e0000 - 0x00007ffdc8907000 	C:\WINDOWS\SYSTEM32\DEVOBJ.dll
0x00007ffdc9ba0000 - 0x00007ffdc9bf7000 	C:\WINDOWS\System32\WINTRUST.dll
0x00007ffdc8b50000 - 0x00007ffdc8b62000 	C:\WINDOWS\System32\MSASN1.dll
0x00007ffdc8dd0000 - 0x00007ffdc8fb2000 	C:\WINDOWS\System32\CRYPT32.dll
0x00007ffdc7240000 - 0x00007ffdc7269000 	C:\WINDOWS\system32\dwmapi.dll
0x000000001a0e0000 - 0x000000001a0f4000 	F:\Projects\Eclipse-Workspace\FRC\Robot2018\build\native_libs\jinput-raw_64.dll
0x00007ffd92240000 - 0x00007ffd92329000 	C:\Users\mbehe\AppData\Local\Temp\NetworkTablesJNI7057047076529421627.dll
0x00007ffd7c400000 - 0x00007ffd7c6ff000 	C:\Users\mbehe\AppData\Local\Temp\CameraServerJNI2879819570411021710.dll
0x00007ffd75f20000 - 0x00007ffd768f5000 	C:\Users\mbehe\AppData\Local\Temp\OpenCVJNI7175473494717640535.dll
0x00007ffdba320000 - 0x00007ffdba349000 	C:\WINDOWS\SYSTEM32\MSVFW32.dll
0x00007ffdbc340000 - 0x00007ffdbc35f000 	C:\WINDOWS\SYSTEM32\AVIFIL32.dll
0x00007ffdba240000 - 0x00007ffdba258000 	C:\WINDOWS\SYSTEM32\AVICAP32.dll
0x00007ffda1210000 - 0x00007ffda122c000 	C:\WINDOWS\SYSTEM32\MSACM32.dll
0x00007ffd91d80000 - 0x00007ffd91ea4000 	F:\Projects\Eclipse-Workspace\FRC\Robot2018\build\native_libs\CTRE_PhoenixCCI.dll
0x0000000069b40000 - 0x0000000069cd8000 	C:\Program Files\Java\jdk1.8.0_144\jre\bin\awt.dll
0x00007ffdc6e30000 - 0x00007ffdc6ebb000 	C:\WINDOWS\SYSTEM32\apphelp.dll
0x00007ffd9abd0000 - 0x00007ffd9acf0000 	C:\WINDOWS\system32\opengl32.dll
0x00007ffda1620000 - 0x00007ffda164c000 	C:\WINDOWS\SYSTEM32\GLU32.dll
0x000000006a7b0000 - 0x000000006a7f7000 	C:\Program Files\Java\jdk1.8.0_144\jre\bin\fontmanager.dll
0x0000000069d70000 - 0x0000000069db2000 	C:\Program Files\Java\jdk1.8.0_144\jre\bin\t2k.dll
0x00007ffdc9c50000 - 0x00007ffdc9cf0000 	C:\WINDOWS\System32\clbcatq.dll
0x00007ffdc50f0000 - 0x00007ffdc529e000 	C:\WINDOWS\SYSTEM32\WindowsCodecs.dll
0x00007ffdbd590000 - 0x00007ffdbd628000 	C:\WINDOWS\System32\TextInputFramework.dll
0x00007ffdb1ee0000 - 0x00007ffdb20a9000 	C:\WINDOWS\SYSTEM32\dbghelp.dll

VM Arguments:
jvm_args: -Djava.library.path=build/native_libs;build/native_libs/windows;build/native_libs/windows/x86-64;build/native_libs/linux;build/native_libs/linux/x86-64 
java_command: com.snobot.simulator.Main
java_class_path (initial): F:\Projects\Eclipse-Workspace\FRC\Robot2018\build\libs\Robot2018.jar;C:\Users\mbehe\.gradle\caches\modules-2\files-2.1\com.snobot.simulator\snobot_sim_gui\2018-1.0.0\ff523e86c44a59e07821dfcd38a14817f438dd47\snobot_sim_gui-2018-1.0.0.jar;C:\Users\mbehe\.gradle\caches\modules-2\files-2.1\com.snobot.simulator\snobot_sim_java\2018-1.0.0\b966e9310553e02694a8ac0818f83dd4d444cddf\snobot_sim_java-2018-1.0.0.jar;C:\Users\mbehe\.gradle\caches\modules-2\files-2.1\com.snobot.simulator\snobot_sim_utilities\2018-1.0.0\715c36b73f4ebc120ad1a8baee5aac2ac3f202d1\snobot_sim_utilities-2018-1.0.0.jar;C:\Users\mbehe\.gradle\caches\modules-2\files-2.1\com.snobot.simulator\adx_family\2018-1.0.0\9d49d8f5ace8570fadf900dbc4b35674b0a850a9\adx_family-2018-1.0.0.jar;C:\Users\mbehe\.gradle\caches\modules-2\files-2.1\com.snobot.simulator\adx_family\2018-1.0.0\a081e5931e07eb4a8640455a4bc418e60aaea7f8\adx_family-2018-1.0.0-all.jar;C:\Users\mbehe\.gradle\caches\modules-2\files-2.1\com.snobot.simulator\navx_simulator\2018-1.0.0\8dd69c7a3e439a8ab9280bd2265510514a2c8b17\navx_simulator-2018-1.0.0.jar;C:\Users\mbehe\.gradle\caches\modules-2\files-2.1\com.snobot.simulator\navx_simulator\2018-1.0.0\c0596dacb97df275b3f0d03817e4b0e73ed208dd\navx_simulator-2018-1.0.0-all.jar;C:\Users\mbehe\.gradle\caches\modules-2\files-2.1\com.snobot.simulator\wpilib\2018-1.0.0\a1dd1679252e0f0c16b1a3eb65aa44d1fc6e610e\wpilib-2018-1.0.0-all.jar;C:\Users\mbehe\.gradle\caches\modules-2\files-2.1\com.snobot.simulator\ctre_sim_override\V0_5.1.2.1\32ec18fffa90ca94e7b5b1ffe1dd8128ed7b7db1\ctre_sim_override-V0_5.1.2.1.jar;C:\Users\mbehe\.gradle\caches\modules-2\files-2.1\com.snobot.simulator\ctre_sim_override\V0_5.1.2.1\f04198c16091010cb4ef170e74565a4fd6f8f54e\ctre_sim_override-V0_5.1.2.1-native-all.jar;C:\Users\mbehe\.gradle\caches\modules-2\files-2.1\com.snobot.simulator\temp_hal_interface\2018-1.0.0\b1597c5bd14560292459b5186249b899fa4c757\temp_hal_interface-2018-1.0.0.jar;C:\Users\mbehe\.gradle\caches\
Launcher Type: SUN_STANDARD

Environment Variables:
JAVA_HOME=C:\Program Files\Java\jdk1.8.0_144
CLASSPATH=F:\Projects\Eclipse-Workspace\FRC\Robot2018\\gradle\wrapper\gradle-wrapper.jar
PATH=C:\Users\mbehe\scoop\apps\conemu\current\ConEmu\Scripts;C:\Users\mbehe\scoop\apps\conemu\current;C:\Users\mbehe\scoop\apps\conemu\current\ConEmu;C:\Python27\;C:\Python27\Scripts;C:\Program Files (x86)\Python36-32\Scripts\;C:\Program Files (x86)\Python36-32\;C:\WINDOWS\system32;C:\WINDOWS;C:\WINDOWS\System32\Wbem;C:\WINDOWS\System32\WindowsPowerShell\v1.0\;c:\Program Files (x86)\AMD\ATI.ACE\Core-Static;C:\Program Files\Git\cmd;C:\Program Files\Java\jdk1.8.0_144\bin;C:\AndroidStudioSDK\platform-tools;C:\Program Files\nodejs\;C:\Program Files (x86)\GtkSharp\2.12\bin;C:\Program Files\PuTTY\;C:\Program Files (x86)\GNU\GnuPG\pub;C:\Program Files (x86)\IVI Foundation\VISA\WinNT\Bin\;C:\Program Files\IVI Foundation\VISA\Win64\Bin\;C:\Program Files (x86)\IVI Foundation\VISA\WinNT\Bin;C:\Program Files\Microsoft SQL Server\130\Tools\Binn\;C:\apache-ant-1.10.1\bin;C:\Program Files\MySQL\MySQL Utilities 1.6\;C:\frc\bin;C:\WINDOWS\System32\OpenSSH\;C:\Program Files\CMake\bin;C:\Program Files\dotnet\;C:\msys64\mingw64\bin;C:\msys64\mingw64\bin;C:\Users\mbehe\AppData\Local\Programs\Python\Launcher\;C:\Users\mbehe\scoop\shims;C:\Users\mbehe\AppData\Local\Microsoft\WindowsApps;C:\Users\mbehe\AppData\Roaming\npm;C:\Users\mbehe\AppData\Local\atom\bin;C:\Program Files\Microsoft VS Code\bin;C:\Users\mbehe\AppData\Local\Microsoft\WindowsApps;C:\Users\mbehe\windows-bin;F:\C-libs\SDL2-2.0.8\lib\x86;F:\C-libs\poco-1.9.0\bin;F:\C-libs\wxWidgets-3.1.1\lib\vc_dll;F:\C-libs\boost_1_67_0\lib32-msvc-14.1;
USERNAME=mbehe
OS=Windows_NT
PROCESSOR_IDENTIFIER=AMD64 Family 21 Model 19 Stepping 1, AuthenticAMD



---------------  S Y S T E M  ---------------

OS: Windows 10.0 , 64 bit Build 17134 (10.0.17134.1)

CPU:total 4 (initial active 4) (4 cores per cpu, 1 threads per core) family 21 model 19 stepping 1, cmov, cx8, fxsr, mmx, sse, sse2, sse3, ssse3, sse4.1, sse4.2, popcnt, avx, aes, clmul, mmxext, 3dnowpref, lzcnt, sse4a, tsc, tscinvbit, tscinv, bmi1

Memory: 4k page, physical 7541244k(2432184k free), swap 9310716k(2014640k free)

vm_info: Java HotSpot(TM) 64-Bit Server VM (25.144-b01) for windows-amd64 JRE (1.8.0_144-b01), built on Jul 21 2017 21:57:33 by "java_re" with MS VC++ 10.0 (VS2010)

time: Thu Aug 02 10:12:39 2018
elapsed time: 162 seconds (0d 0h 2m 42s)

